CRITICAL - 2022-08-21 00:12:23 --> Undefined property: App\Controllers\Login::$ModelAuth
in APPPATH\Controllers\Login.php on line 48.
 1 APPPATH\Controllers\Login.php(48): CodeIgniter\Debug\Exceptions->errorHandler(8, 'Undefined property: App\\Controllers\\Login::$ModelAuth', 'APPPATH\\Controllers\\Login.php', 48, [...])
 2 SYSTEMPATH\CodeIgniter.php(904): App\Controllers\Login->CekLogin()
 3 SYSTEMPATH\CodeIgniter.php(457): CodeIgniter\CodeIgniter->runController(Object(App\Controllers\Login))
 4 SYSTEMPATH\CodeIgniter.php(340): CodeIgniter\CodeIgniter->handleRequest(null, Object(Config\Cache), false)
 5 FCPATH\index.php(67): CodeIgniter\CodeIgniter->run()
CRITICAL - 2022-08-21 00:14:20 --> Undefined property: App\Controllers\Login::$ModelAuth
in APPPATH\Controllers\Login.php on line 48.
 1 APPPATH\Controllers\Login.php(48): CodeIgniter\Debug\Exceptions->errorHandler(8, 'Undefined property: App\\Controllers\\Login::$ModelAuth', 'APPPATH\\Controllers\\Login.php', 48, [...])
 2 SYSTEMPATH\CodeIgniter.php(904): App\Controllers\Login->CekLogin()
 3 SYSTEMPATH\CodeIgniter.php(457): CodeIgniter\CodeIgniter->runController(Object(App\Controllers\Login))
 4 SYSTEMPATH\CodeIgniter.php(340): CodeIgniter\CodeIgniter->handleRequest(null, Object(Config\Cache), false)
 5 FCPATH\index.php(67): CodeIgniter\CodeIgniter->run()
CRITICAL - 2022-08-21 07:40:04 --> Undefined index: nama_agenda
in APPPATH\Views\v_agenda.php on line 32.
 1 APPPATH\Views\v_agenda.php(32): CodeIgniter\Debug\Exceptions->errorHandler(8, 'Undefined index: nama_agenda', 'APPPATH\\Views\\v_agenda.php', 32, [...])
 2 SYSTEMPATH\View\View.php(213): include('APPPATH\\Views\\v_agenda.php')
 3 SYSTEMPATH\View\View.php(216): CodeIgniter\View\View->CodeIgniter\View\{closure}()
 4 SYSTEMPATH\Common.php(1137): CodeIgniter\View\View->render('v_agenda', [], true)
 5 APPPATH\Views\v_template_admin.php(215): view('v_agenda')
 6 SYSTEMPATH\View\View.php(213): include('APPPATH\\Views\\v_template_admin.php')
 7 SYSTEMPATH\View\View.php(216): CodeIgniter\View\View->CodeIgniter\View\{closure}()
 8 SYSTEMPATH\Common.php(1137): CodeIgniter\View\View->render('v_template_admin', [], true)
 9 APPPATH\Controllers\Agenda.php(26): view('v_template_admin', [...])
10 SYSTEMPATH\CodeIgniter.php(904): App\Controllers\Agenda->index()
11 SYSTEMPATH\CodeIgniter.php(457): CodeIgniter\CodeIgniter->runController(Object(App\Controllers\Agenda))
12 SYSTEMPATH\CodeIgniter.php(340): CodeIgniter\CodeIgniter->handleRequest(null, Object(Config\Cache), false)
13 FCPATH\index.php(67): CodeIgniter\CodeIgniter->run()
CRITICAL - 2022-08-21 09:47:52 --> Undefined index: tanggil
in APPPATH\Controllers\Home.php on line 47.
 1 APPPATH\Controllers\Home.php(47): CodeIgniter\Debug\Exceptions->errorHandler(8, 'Undefined index: tanggil', 'APPPATH\\Controllers\\Home.php', 47, [...])
 2 SYSTEMPATH\CodeIgniter.php(904): App\Controllers\Home->waktu()
 3 SYSTEMPATH\CodeIgniter.php(457): CodeIgniter\CodeIgniter->runController(Object(App\Controllers\Home))
 4 SYSTEMPATH\CodeIgniter.php(340): CodeIgniter\CodeIgniter->handleRequest(null, Object(Config\Cache), false)
 5 FCPATH\index.php(67): CodeIgniter\CodeIgniter->run()
