CRITICAL - 2022-08-25 17:02:02 --> Invalid file: kas-masjid/v_kas_sosial_masuk.php
in SYSTEMPATH\Exceptions\FrameworkException.php on line 33.
 1 SYSTEMPATH\View\View.php(201): CodeIgniter\Exceptions\FrameworkException::forInvalidFile('kas-masjid/v_kas_sosial_masuk.php')
 2 SYSTEMPATH\Common.php(1137): CodeIgniter\View\View->render('kas-masjid/v_kas_sosial_masuk', [], true)
 3 APPPATH\Views\v_template_admin.php(274): view('kas-masjid/v_kas_sosial_masuk')
 4 SYSTEMPATH\View\View.php(213): include('APPPATH\\Views\\v_template_admin.php')
 5 SYSTEMPATH\View\View.php(216): CodeIgniter\View\View->CodeIgniter\View\{closure}()
 6 SYSTEMPATH\Common.php(1137): CodeIgniter\View\View->render('v_template_admin', [], true)
 7 APPPATH\Controllers\KasSosial.php(39): view('v_template_admin', [...])
 8 SYSTEMPATH\CodeIgniter.php(904): App\Controllers\KasSosial->KasMasuk()
 9 SYSTEMPATH\CodeIgniter.php(457): CodeIgniter\CodeIgniter->runController(Object(App\Controllers\KasSosial))
10 SYSTEMPATH\CodeIgniter.php(340): CodeIgniter\CodeIgniter->handleRequest(null, Object(Config\Cache), false)
11 FCPATH\index.php(67): CodeIgniter\CodeIgniter->run()
CRITICAL - 2022-08-25 17:02:26 --> Undefined index: id_kas_masjid
in APPPATH\Views\kas-sosial\v_kas_sosial_masuk.php on line 59.
 1 APPPATH\Views\kas-sosial\v_kas_sosial_masuk.php(59): CodeIgniter\Debug\Exceptions->errorHandler(8, 'Undefined index: id_kas_masjid', 'APPPATH\\Views\\kas-sosial\\v_kas_sosial_masuk.php', 59, [...])
 2 SYSTEMPATH\View\View.php(213): include('APPPATH\\Views\\kas-sosial\\v_kas_sosial_masuk.php')
 3 SYSTEMPATH\View\View.php(216): CodeIgniter\View\View->CodeIgniter\View\{closure}()
 4 SYSTEMPATH\Common.php(1137): CodeIgniter\View\View->render('kas-sosial/v_kas_sosial_masuk', [], true)
 5 APPPATH\Views\v_template_admin.php(274): view('kas-sosial/v_kas_sosial_masuk')
 6 SYSTEMPATH\View\View.php(213): include('APPPATH\\Views\\v_template_admin.php')
 7 SYSTEMPATH\View\View.php(216): CodeIgniter\View\View->CodeIgniter\View\{closure}()
 8 SYSTEMPATH\Common.php(1137): CodeIgniter\View\View->render('v_template_admin', [], true)
 9 APPPATH\Controllers\KasSosial.php(39): view('v_template_admin', [...])
10 SYSTEMPATH\CodeIgniter.php(904): App\Controllers\KasSosial->KasMasuk()
11 SYSTEMPATH\CodeIgniter.php(457): CodeIgniter\CodeIgniter->runController(Object(App\Controllers\KasSosial))
12 SYSTEMPATH\CodeIgniter.php(340): CodeIgniter\CodeIgniter->handleRequest(null, Object(Config\Cache), false)
13 FCPATH\index.php(67): CodeIgniter\CodeIgniter->run()
CRITICAL - 2022-08-25 17:07:21 --> Invalid file: kas-sosial/v_kas_masjid_keluar.php
in SYSTEMPATH\Exceptions\FrameworkException.php on line 33.
 1 SYSTEMPATH\View\View.php(201): CodeIgniter\Exceptions\FrameworkException::forInvalidFile('kas-sosial/v_kas_masjid_keluar.php')
 2 SYSTEMPATH\Common.php(1137): CodeIgniter\View\View->render('kas-sosial/v_kas_masjid_keluar', [], true)
 3 APPPATH\Views\v_template_admin.php(274): view('kas-sosial/v_kas_masjid_keluar')
 4 SYSTEMPATH\View\View.php(213): include('APPPATH\\Views\\v_template_admin.php')
 5 SYSTEMPATH\View\View.php(216): CodeIgniter\View\View->CodeIgniter\View\{closure}()
 6 SYSTEMPATH\Common.php(1137): CodeIgniter\View\View->render('v_template_admin', [], true)
 7 APPPATH\Controllers\KasSosial.php(52): view('v_template_admin', [...])
 8 SYSTEMPATH\CodeIgniter.php(904): App\Controllers\KasSosial->KasKeluar()
 9 SYSTEMPATH\CodeIgniter.php(457): CodeIgniter\CodeIgniter->runController(Object(App\Controllers\KasSosial))
10 SYSTEMPATH\CodeIgniter.php(340): CodeIgniter\CodeIgniter->handleRequest(null, Object(Config\Cache), false)
11 FCPATH\index.php(67): CodeIgniter\CodeIgniter->run()
CRITICAL - 2022-08-25 19:13:54 --> Class 'App\Models\ModelTahun' not found
in APPPATH\Controllers\Qurban.php on line 13.
 1 SYSTEMPATH\CodeIgniter.php(866): App\Controllers\Qurban->__construct()
 2 SYSTEMPATH\CodeIgniter.php(448): CodeIgniter\CodeIgniter->createController()
 3 SYSTEMPATH\CodeIgniter.php(340): CodeIgniter\CodeIgniter->handleRequest(null, Object(Config\Cache), false)
 4 FCPATH\index.php(67): CodeIgniter\CodeIgniter->run()
CRITICAL - 2022-08-25 19:16:24 --> Undefined property: App\Controllers\Tahun::$ModelTahun
in APPPATH\Controllers\Tahun.php on line 23.
 1 APPPATH\Controllers\Tahun.php(23): CodeIgniter\Debug\Exceptions->errorHandler(8, 'Undefined property: App\\Controllers\\Tahun::$ModelTahun', 'APPPATH\\Controllers\\Tahun.php', 23, [])
 2 SYSTEMPATH\CodeIgniter.php(904): App\Controllers\Tahun->index()
 3 SYSTEMPATH\CodeIgniter.php(457): CodeIgniter\CodeIgniter->runController(Object(App\Controllers\Tahun))
 4 SYSTEMPATH\CodeIgniter.php(340): CodeIgniter\CodeIgniter->handleRequest(null, Object(Config\Cache), false)
 5 FCPATH\index.php(67): CodeIgniter\CodeIgniter->run()
CRITICAL - 2022-08-25 19:18:27 --> Undefined index: id_agenda
in APPPATH\Views\qurban\v_tahun.php on line 42.
 1 APPPATH\Views\qurban\v_tahun.php(42): CodeIgniter\Debug\Exceptions->errorHandler(8, 'Undefined index: id_agenda', 'APPPATH\\Views\\qurban\\v_tahun.php', 42, [...])
 2 SYSTEMPATH\View\View.php(213): include('APPPATH\\Views\\qurban\\v_tahun.php')
 3 SYSTEMPATH\View\View.php(216): CodeIgniter\View\View->CodeIgniter\View\{closure}()
 4 SYSTEMPATH\Common.php(1137): CodeIgniter\View\View->render('qurban/v_tahun', [], true)
 5 APPPATH\Views\v_template_admin.php(289): view('qurban/v_tahun')
 6 SYSTEMPATH\View\View.php(213): include('APPPATH\\Views\\v_template_admin.php')
 7 SYSTEMPATH\View\View.php(216): CodeIgniter\View\View->CodeIgniter\View\{closure}()
 8 SYSTEMPATH\Common.php(1137): CodeIgniter\View\View->render('v_template_admin', [], true)
 9 APPPATH\Controllers\Tahun.php(25): view('v_template_admin', [...])
10 SYSTEMPATH\CodeIgniter.php(904): App\Controllers\Tahun->index()
11 SYSTEMPATH\CodeIgniter.php(457): CodeIgniter\CodeIgniter->runController(Object(App\Controllers\Tahun))
12 SYSTEMPATH\CodeIgniter.php(340): CodeIgniter\CodeIgniter->handleRequest(null, Object(Config\Cache), false)
13 FCPATH\index.php(67): CodeIgniter\CodeIgniter->run()
CRITICAL - 2022-08-25 19:25:41 --> Use of undefined constant Y - assumed 'Y' (this will throw an Error in a future version of PHP)
in APPPATH\Views\qurban\v_tahun.php on line 36.
 1 APPPATH\Views\qurban\v_tahun.php(36): CodeIgniter\Debug\Exceptions->errorHandler(2, 'Use of undefined constant Y - assumed \'Y\' (this will throw an Error in a future version of PHP)', 'APPPATH\\Views\\qurban\\v_tahun.php', 36, [...])
 2 SYSTEMPATH\View\View.php(213): include('APPPATH\\Views\\qurban\\v_tahun.php')
 3 SYSTEMPATH\View\View.php(216): CodeIgniter\View\View->CodeIgniter\View\{closure}()
 4 SYSTEMPATH\Common.php(1137): CodeIgniter\View\View->render('qurban/v_tahun', [], true)
 5 APPPATH\Views\v_template_admin.php(289): view('qurban/v_tahun')
 6 SYSTEMPATH\View\View.php(213): include('APPPATH\\Views\\v_template_admin.php')
 7 SYSTEMPATH\View\View.php(216): CodeIgniter\View\View->CodeIgniter\View\{closure}()
 8 SYSTEMPATH\Common.php(1137): CodeIgniter\View\View->render('v_template_admin', [], true)
 9 APPPATH\Controllers\Tahun.php(25): view('v_template_admin', [...])
10 SYSTEMPATH\CodeIgniter.php(904): App\Controllers\Tahun->index()
11 SYSTEMPATH\CodeIgniter.php(457): CodeIgniter\CodeIgniter->runController(Object(App\Controllers\Tahun))
12 SYSTEMPATH\CodeIgniter.php(340): CodeIgniter\CodeIgniter->handleRequest(null, Object(Config\Cache), false)
13 FCPATH\index.php(67): CodeIgniter\CodeIgniter->run()
CRITICAL - 2022-08-25 19:28:46 --> syntax error, unexpected end of file
in APPPATH\Views\qurban\v_tahun.php on line 121.
 1 SYSTEMPATH\View\View.php(216): CodeIgniter\View\View->CodeIgniter\View\{closure}()
 2 SYSTEMPATH\Common.php(1137): CodeIgniter\View\View->render('qurban/v_tahun', [], true)
 3 APPPATH\Views\v_template_admin.php(289): view('qurban/v_tahun')
 4 SYSTEMPATH\View\View.php(213): include('APPPATH\\Views\\v_template_admin.php')
 5 SYSTEMPATH\View\View.php(216): CodeIgniter\View\View->CodeIgniter\View\{closure}()
 6 SYSTEMPATH\Common.php(1137): CodeIgniter\View\View->render('v_template_admin', [], true)
 7 APPPATH\Controllers\Tahun.php(25): view('v_template_admin', [...])
 8 SYSTEMPATH\CodeIgniter.php(904): App\Controllers\Tahun->index()
 9 SYSTEMPATH\CodeIgniter.php(457): CodeIgniter\CodeIgniter->runController(Object(App\Controllers\Tahun))
10 SYSTEMPATH\CodeIgniter.php(340): CodeIgniter\CodeIgniter->handleRequest(null, Object(Config\Cache), false)
11 FCPATH\index.php(67): CodeIgniter\CodeIgniter->run()
CRITICAL - 2022-08-25 19:30:02 --> Undefined index: id_agenda
in APPPATH\Views\qurban\v_tahun.php on line 88.
 1 APPPATH\Views\qurban\v_tahun.php(88): CodeIgniter\Debug\Exceptions->errorHandler(8, 'Undefined index: id_agenda', 'APPPATH\\Views\\qurban\\v_tahun.php', 88, [...])
 2 SYSTEMPATH\View\View.php(213): include('APPPATH\\Views\\qurban\\v_tahun.php')
 3 SYSTEMPATH\View\View.php(216): CodeIgniter\View\View->CodeIgniter\View\{closure}()
 4 SYSTEMPATH\Common.php(1137): CodeIgniter\View\View->render('qurban/v_tahun', [], true)
 5 APPPATH\Views\v_template_admin.php(289): view('qurban/v_tahun')
 6 SYSTEMPATH\View\View.php(213): include('APPPATH\\Views\\v_template_admin.php')
 7 SYSTEMPATH\View\View.php(216): CodeIgniter\View\View->CodeIgniter\View\{closure}()
 8 SYSTEMPATH\Common.php(1137): CodeIgniter\View\View->render('v_template_admin', [], true)
 9 APPPATH\Controllers\Tahun.php(25): view('v_template_admin', [...])
10 SYSTEMPATH\CodeIgniter.php(904): App\Controllers\Tahun->index()
11 SYSTEMPATH\CodeIgniter.php(457): CodeIgniter\CodeIgniter->runController(Object(App\Controllers\Tahun))
12 SYSTEMPATH\CodeIgniter.php(340): CodeIgniter\CodeIgniter->handleRequest(null, Object(Config\Cache), false)
13 FCPATH\index.php(67): CodeIgniter\CodeIgniter->run()
CRITICAL - 2022-08-25 20:35:50 --> Undefined variable: tahun
in APPPATH\Views\qurban\v_tahun_qurban.php on line 24.
 1 APPPATH\Views\qurban\v_tahun_qurban.php(24): CodeIgniter\Debug\Exceptions->errorHandler(8, 'Undefined variable: tahun', 'APPPATH\\Views\\qurban\\v_tahun_qurban.php', 24, [...])
 2 SYSTEMPATH\View\View.php(213): include('APPPATH\\Views\\qurban\\v_tahun_qurban.php')
 3 SYSTEMPATH\View\View.php(216): CodeIgniter\View\View->CodeIgniter\View\{closure}()
 4 SYSTEMPATH\Common.php(1137): CodeIgniter\View\View->render('qurban/v_tahun_qurban', [], true)
 5 APPPATH\Views\v_template_admin.php(289): view('qurban/v_tahun_qurban')
 6 SYSTEMPATH\View\View.php(213): include('APPPATH\\Views\\v_template_admin.php')
 7 SYSTEMPATH\View\View.php(216): CodeIgniter\View\View->CodeIgniter\View\{closure}()
 8 SYSTEMPATH\Common.php(1137): CodeIgniter\View\View->render('v_template_admin', [], true)
 9 APPPATH\Controllers\PesertaQurban.php(24): view('v_template_admin', [...])
10 SYSTEMPATH\CodeIgniter.php(904): App\Controllers\PesertaQurban->index()
11 SYSTEMPATH\CodeIgniter.php(457): CodeIgniter\CodeIgniter->runController(Object(App\Controllers\PesertaQurban))
12 SYSTEMPATH\CodeIgniter.php(340): CodeIgniter\CodeIgniter->handleRequest(null, Object(Config\Cache), false)
13 FCPATH\index.php(67): CodeIgniter\CodeIgniter->run()
CRITICAL - 2022-08-25 21:33:04 --> Undefined property: App\Controllers\PesertaQurban::$KelompokQurban
in APPPATH\Controllers\PesertaQurban.php on line 40.
 1 APPPATH\Controllers\PesertaQurban.php(40): CodeIgniter\Debug\Exceptions->errorHandler(8, 'Undefined property: App\\Controllers\\PesertaQurban::$KelompokQurban', 'APPPATH\\Controllers\\PesertaQurban.php', 40, [...])
 2 SYSTEMPATH\CodeIgniter.php(904): App\Controllers\PesertaQurban->KelompokQurban('1')
 3 SYSTEMPATH\CodeIgniter.php(457): CodeIgniter\CodeIgniter->runController(Object(App\Controllers\PesertaQurban))
 4 SYSTEMPATH\CodeIgniter.php(340): CodeIgniter\CodeIgniter->handleRequest(null, Object(Config\Cache), false)
 5 FCPATH\index.php(67): CodeIgniter\CodeIgniter->run()
CRITICAL - 2022-08-25 21:53:37 --> Undefined index: tahun_h
in APPPATH\Views\qurban\v_kelompok_qurban.php on line 63.
 1 APPPATH\Views\qurban\v_kelompok_qurban.php(63): CodeIgniter\Debug\Exceptions->errorHandler(8, 'Undefined index: tahun_h', 'APPPATH\\Views\\qurban\\v_kelompok_qurban.php', 63, [...])
 2 SYSTEMPATH\View\View.php(213): include('APPPATH\\Views\\qurban\\v_kelompok_qurban.php')
 3 SYSTEMPATH\View\View.php(216): CodeIgniter\View\View->CodeIgniter\View\{closure}()
 4 SYSTEMPATH\Common.php(1137): CodeIgniter\View\View->render('qurban/v_kelompok_qurban', [], true)
 5 APPPATH\Views\v_template_admin.php(289): view('qurban/v_kelompok_qurban')
 6 SYSTEMPATH\View\View.php(213): include('APPPATH\\Views\\v_template_admin.php')
 7 SYSTEMPATH\View\View.php(216): CodeIgniter\View\View->CodeIgniter\View\{closure}()
 8 SYSTEMPATH\Common.php(1137): CodeIgniter\View\View->render('v_template_admin', [], true)
 9 APPPATH\Controllers\PesertaQurban.php(42): view('v_template_admin', [...])
10 SYSTEMPATH\CodeIgniter.php(904): App\Controllers\PesertaQurban->KelompokQurban('1')
11 SYSTEMPATH\CodeIgniter.php(457): CodeIgniter\CodeIgniter->runController(Object(App\Controllers\PesertaQurban))
12 SYSTEMPATH\CodeIgniter.php(340): CodeIgniter\CodeIgniter->handleRequest(null, Object(Config\Cache), false)
13 FCPATH\index.php(67): CodeIgniter\CodeIgniter->run()
CRITICAL - 2022-08-25 21:56:02 --> Undefined variable: id_tahun
in APPPATH\Views\qurban\v_kelompok_qurban.php on line 67.
 1 APPPATH\Views\qurban\v_kelompok_qurban.php(67): CodeIgniter\Debug\Exceptions->errorHandler(8, 'Undefined variable: id_tahun', 'APPPATH\\Views\\qurban\\v_kelompok_qurban.php', 67, [...])
 2 SYSTEMPATH\View\View.php(213): include('APPPATH\\Views\\qurban\\v_kelompok_qurban.php')
 3 SYSTEMPATH\View\View.php(216): CodeIgniter\View\View->CodeIgniter\View\{closure}()
 4 SYSTEMPATH\Common.php(1137): CodeIgniter\View\View->render('qurban/v_kelompok_qurban', [], true)
 5 APPPATH\Views\v_template_admin.php(289): view('qurban/v_kelompok_qurban')
 6 SYSTEMPATH\View\View.php(213): include('APPPATH\\Views\\v_template_admin.php')
 7 SYSTEMPATH\View\View.php(216): CodeIgniter\View\View->CodeIgniter\View\{closure}()
 8 SYSTEMPATH\Common.php(1137): CodeIgniter\View\View->render('v_template_admin', [], true)
 9 APPPATH\Controllers\PesertaQurban.php(42): view('v_template_admin', [...])
10 SYSTEMPATH\CodeIgniter.php(904): App\Controllers\PesertaQurban->KelompokQurban('1')
11 SYSTEMPATH\CodeIgniter.php(457): CodeIgniter\CodeIgniter->runController(Object(App\Controllers\PesertaQurban))
12 SYSTEMPATH\CodeIgniter.php(340): CodeIgniter\CodeIgniter->handleRequest(null, Object(Config\Cache), false)
13 FCPATH\index.php(67): CodeIgniter\CodeIgniter->run()
CRITICAL - 2022-08-25 22:08:23 --> You must set the database table to be used with your query.
in SYSTEMPATH\Database\BaseConnection.php on line 872.
 1 SYSTEMPATH\Model.php(586): CodeIgniter\Database\BaseConnection->table(null)
 2 SYSTEMPATH\Model.php(763): CodeIgniter\Model->builder()
 3 APPPATH\Controllers\PesertaQurban.php(62): CodeIgniter\Model->__call('InsertKelompok', [...])
 4 SYSTEMPATH\CodeIgniter.php(904): App\Controllers\PesertaQurban->InsertKelompok()
 5 SYSTEMPATH\CodeIgniter.php(457): CodeIgniter\CodeIgniter->runController(Object(App\Controllers\PesertaQurban))
 6 SYSTEMPATH\CodeIgniter.php(340): CodeIgniter\CodeIgniter->handleRequest(null, Object(Config\Cache), false)
 7 FCPATH\index.php(67): CodeIgniter\CodeIgniter->run()
CRITICAL - 2022-08-25 22:21:27 --> Undefined property: CodeIgniter\View\View::$db
in APPPATH\Views\qurban\v_kelompok_qurban.php on line 44.
 1 APPPATH\Views\qurban\v_kelompok_qurban.php(44): CodeIgniter\Debug\Exceptions->errorHandler(8, 'Undefined property: CodeIgniter\\View\\View::$db', 'APPPATH\\Views\\qurban\\v_kelompok_qurban.php', 44, [...])
 2 SYSTEMPATH\View\View.php(213): include('APPPATH\\Views\\qurban\\v_kelompok_qurban.php')
 3 SYSTEMPATH\View\View.php(216): CodeIgniter\View\View->CodeIgniter\View\{closure}()
 4 SYSTEMPATH\Common.php(1137): CodeIgniter\View\View->render('qurban/v_kelompok_qurban', [], true)
 5 APPPATH\Views\v_template_admin.php(289): view('qurban/v_kelompok_qurban')
 6 SYSTEMPATH\View\View.php(213): include('APPPATH\\Views\\v_template_admin.php')
 7 SYSTEMPATH\View\View.php(216): CodeIgniter\View\View->CodeIgniter\View\{closure}()
 8 SYSTEMPATH\Common.php(1137): CodeIgniter\View\View->render('v_template_admin', [], true)
 9 APPPATH\Controllers\PesertaQurban.php(42): view('v_template_admin', [...])
10 SYSTEMPATH\CodeIgniter.php(904): App\Controllers\PesertaQurban->KelompokQurban('1')
11 SYSTEMPATH\CodeIgniter.php(457): CodeIgniter\CodeIgniter->runController(Object(App\Controllers\PesertaQurban))
12 SYSTEMPATH\CodeIgniter.php(340): CodeIgniter\CodeIgniter->handleRequest(null, Object(Config\Cache), false)
13 FCPATH\index.php(67): CodeIgniter\CodeIgniter->run()
CRITICAL - 2022-08-25 22:24:56 --> Undefined property: CodeIgniter\View\View::$db
in APPPATH\Views\qurban\v_kelompok_qurban.php on line 44.
 1 APPPATH\Views\qurban\v_kelompok_qurban.php(44): CodeIgniter\Debug\Exceptions->errorHandler(8, 'Undefined property: CodeIgniter\\View\\View::$db', 'APPPATH\\Views\\qurban\\v_kelompok_qurban.php', 44, [...])
 2 SYSTEMPATH\View\View.php(213): include('APPPATH\\Views\\qurban\\v_kelompok_qurban.php')
 3 SYSTEMPATH\View\View.php(216): CodeIgniter\View\View->CodeIgniter\View\{closure}()
 4 SYSTEMPATH\Common.php(1137): CodeIgniter\View\View->render('qurban/v_kelompok_qurban', [], true)
 5 APPPATH\Views\v_template_admin.php(289): view('qurban/v_kelompok_qurban')
 6 SYSTEMPATH\View\View.php(213): include('APPPATH\\Views\\v_template_admin.php')
 7 SYSTEMPATH\View\View.php(216): CodeIgniter\View\View->CodeIgniter\View\{closure}()
 8 SYSTEMPATH\Common.php(1137): CodeIgniter\View\View->render('v_template_admin', [], true)
 9 APPPATH\Controllers\PesertaQurban.php(42): view('v_template_admin', [...])
10 SYSTEMPATH\CodeIgniter.php(904): App\Controllers\PesertaQurban->KelompokQurban('1')
11 SYSTEMPATH\CodeIgniter.php(457): CodeIgniter\CodeIgniter->runController(Object(App\Controllers\PesertaQurban))
12 SYSTEMPATH\CodeIgniter.php(340): CodeIgniter\CodeIgniter->handleRequest(null, Object(Config\Cache), false)
13 FCPATH\index.php(67): CodeIgniter\CodeIgniter->run()
CRITICAL - 2022-08-25 22:25:24 --> Undefined property: CodeIgniter\View\View::$db
in APPPATH\Views\qurban\v_kelompok_qurban.php on line 44.
 1 APPPATH\Views\qurban\v_kelompok_qurban.php(44): CodeIgniter\Debug\Exceptions->errorHandler(8, 'Undefined property: CodeIgniter\\View\\View::$db', 'APPPATH\\Views\\qurban\\v_kelompok_qurban.php', 44, [...])
 2 SYSTEMPATH\View\View.php(213): include('APPPATH\\Views\\qurban\\v_kelompok_qurban.php')
 3 SYSTEMPATH\View\View.php(216): CodeIgniter\View\View->CodeIgniter\View\{closure}()
 4 SYSTEMPATH\Common.php(1137): CodeIgniter\View\View->render('qurban/v_kelompok_qurban', [], true)
 5 APPPATH\Views\v_template_admin.php(289): view('qurban/v_kelompok_qurban')
 6 SYSTEMPATH\View\View.php(213): include('APPPATH\\Views\\v_template_admin.php')
 7 SYSTEMPATH\View\View.php(216): CodeIgniter\View\View->CodeIgniter\View\{closure}()
 8 SYSTEMPATH\Common.php(1137): CodeIgniter\View\View->render('v_template_admin', [], true)
 9 APPPATH\Controllers\PesertaQurban.php(42): view('v_template_admin', [...])
10 SYSTEMPATH\CodeIgniter.php(904): App\Controllers\PesertaQurban->KelompokQurban('1')
11 SYSTEMPATH\CodeIgniter.php(457): CodeIgniter\CodeIgniter->runController(Object(App\Controllers\PesertaQurban))
12 SYSTEMPATH\CodeIgniter.php(340): CodeIgniter\CodeIgniter->handleRequest(null, Object(Config\Cache), false)
13 FCPATH\index.php(67): CodeIgniter\CodeIgniter->run()
CRITICAL - 2022-08-25 22:29:01 --> Undefined index: nama_anggota
in APPPATH\Views\qurban\v_kelompok_qurban.php on line 50.
 1 APPPATH\Views\qurban\v_kelompok_qurban.php(50): CodeIgniter\Debug\Exceptions->errorHandler(8, 'Undefined index: nama_anggota', 'APPPATH\\Views\\qurban\\v_kelompok_qurban.php', 50, [...])
 2 SYSTEMPATH\View\View.php(213): include('APPPATH\\Views\\qurban\\v_kelompok_qurban.php')
 3 SYSTEMPATH\View\View.php(216): CodeIgniter\View\View->CodeIgniter\View\{closure}()
 4 SYSTEMPATH\Common.php(1137): CodeIgniter\View\View->render('qurban/v_kelompok_qurban', [], true)
 5 APPPATH\Views\v_template_admin.php(289): view('qurban/v_kelompok_qurban')
 6 SYSTEMPATH\View\View.php(213): include('APPPATH\\Views\\v_template_admin.php')
 7 SYSTEMPATH\View\View.php(216): CodeIgniter\View\View->CodeIgniter\View\{closure}()
 8 SYSTEMPATH\Common.php(1137): CodeIgniter\View\View->render('v_template_admin', [], true)
 9 APPPATH\Controllers\PesertaQurban.php(42): view('v_template_admin', [...])
10 SYSTEMPATH\CodeIgniter.php(904): App\Controllers\PesertaQurban->KelompokQurban('1')
11 SYSTEMPATH\CodeIgniter.php(457): CodeIgniter\CodeIgniter->runController(Object(App\Controllers\PesertaQurban))
12 SYSTEMPATH\CodeIgniter.php(340): CodeIgniter\CodeIgniter->handleRequest(null, Object(Config\Cache), false)
13 FCPATH\index.php(67): CodeIgniter\CodeIgniter->run()
CRITICAL - 2022-08-25 22:31:38 --> Undefined index: nama_anggota
in APPPATH\Views\qurban\v_kelompok_qurban.php on line 52.
 1 APPPATH\Views\qurban\v_kelompok_qurban.php(52): CodeIgniter\Debug\Exceptions->errorHandler(8, 'Undefined index: nama_anggota', 'APPPATH\\Views\\qurban\\v_kelompok_qurban.php', 52, [...])
 2 SYSTEMPATH\View\View.php(213): include('APPPATH\\Views\\qurban\\v_kelompok_qurban.php')
 3 SYSTEMPATH\View\View.php(216): CodeIgniter\View\View->CodeIgniter\View\{closure}()
 4 SYSTEMPATH\Common.php(1137): CodeIgniter\View\View->render('qurban/v_kelompok_qurban', [], true)
 5 APPPATH\Views\v_template_admin.php(289): view('qurban/v_kelompok_qurban')
 6 SYSTEMPATH\View\View.php(213): include('APPPATH\\Views\\v_template_admin.php')
 7 SYSTEMPATH\View\View.php(216): CodeIgniter\View\View->CodeIgniter\View\{closure}()
 8 SYSTEMPATH\Common.php(1137): CodeIgniter\View\View->render('v_template_admin', [], true)
 9 APPPATH\Controllers\PesertaQurban.php(42): view('v_template_admin', [...])
10 SYSTEMPATH\CodeIgniter.php(904): App\Controllers\PesertaQurban->KelompokQurban('1')
11 SYSTEMPATH\CodeIgniter.php(457): CodeIgniter\CodeIgniter->runController(Object(App\Controllers\PesertaQurban))
12 SYSTEMPATH\CodeIgniter.php(340): CodeIgniter\CodeIgniter->handleRequest(null, Object(Config\Cache), false)
13 FCPATH\index.php(67): CodeIgniter\CodeIgniter->run()
CRITICAL - 2022-08-25 22:52:59 --> Undefined index: biaya
in APPPATH\Views\qurban\v_kelompok_qurban.php on line 68.
 1 APPPATH\Views\qurban\v_kelompok_qurban.php(68): CodeIgniter\Debug\Exceptions->errorHandler(8, 'Undefined index: biaya', 'APPPATH\\Views\\qurban\\v_kelompok_qurban.php', 68, [...])
 2 SYSTEMPATH\View\View.php(213): include('APPPATH\\Views\\qurban\\v_kelompok_qurban.php')
 3 SYSTEMPATH\View\View.php(216): CodeIgniter\View\View->CodeIgniter\View\{closure}()
 4 SYSTEMPATH\Common.php(1137): CodeIgniter\View\View->render('qurban/v_kelompok_qurban', [], true)
 5 APPPATH\Views\v_template_admin.php(289): view('qurban/v_kelompok_qurban')
 6 SYSTEMPATH\View\View.php(213): include('APPPATH\\Views\\v_template_admin.php')
 7 SYSTEMPATH\View\View.php(216): CodeIgniter\View\View->CodeIgniter\View\{closure}()
 8 SYSTEMPATH\Common.php(1137): CodeIgniter\View\View->render('v_template_admin', [], true)
 9 APPPATH\Controllers\PesertaQurban.php(42): view('v_template_admin', [...])
10 SYSTEMPATH\CodeIgniter.php(904): App\Controllers\PesertaQurban->KelompokQurban('1')
11 SYSTEMPATH\CodeIgniter.php(457): CodeIgniter\CodeIgniter->runController(Object(App\Controllers\PesertaQurban))
12 SYSTEMPATH\CodeIgniter.php(340): CodeIgniter\CodeIgniter->handleRequest(null, Object(Config\Cache), false)
13 FCPATH\index.php(67): CodeIgniter\CodeIgniter->run()
CRITICAL - 2022-08-25 22:54:23 --> Undefined index: biaya
in APPPATH\Views\qurban\v_kelompok_qurban.php on line 68.
 1 APPPATH\Views\qurban\v_kelompok_qurban.php(68): CodeIgniter\Debug\Exceptions->errorHandler(8, 'Undefined index: biaya', 'APPPATH\\Views\\qurban\\v_kelompok_qurban.php', 68, [...])
 2 SYSTEMPATH\View\View.php(213): include('APPPATH\\Views\\qurban\\v_kelompok_qurban.php')
 3 SYSTEMPATH\View\View.php(216): CodeIgniter\View\View->CodeIgniter\View\{closure}()
 4 SYSTEMPATH\Common.php(1137): CodeIgniter\View\View->render('qurban/v_kelompok_qurban', [], true)
 5 APPPATH\Views\v_template_admin.php(289): view('qurban/v_kelompok_qurban')
 6 SYSTEMPATH\View\View.php(213): include('APPPATH\\Views\\v_template_admin.php')
 7 SYSTEMPATH\View\View.php(216): CodeIgniter\View\View->CodeIgniter\View\{closure}()
 8 SYSTEMPATH\Common.php(1137): CodeIgniter\View\View->render('v_template_admin', [], true)
 9 APPPATH\Controllers\PesertaQurban.php(42): view('v_template_admin', [...])
10 SYSTEMPATH\CodeIgniter.php(904): App\Controllers\PesertaQurban->KelompokQurban('1')
11 SYSTEMPATH\CodeIgniter.php(457): CodeIgniter\CodeIgniter->runController(Object(App\Controllers\PesertaQurban))
12 SYSTEMPATH\CodeIgniter.php(340): CodeIgniter\CodeIgniter->handleRequest(null, Object(Config\Cache), false)
13 FCPATH\index.php(67): CodeIgniter\CodeIgniter->run()
CRITICAL - 2022-08-25 22:54:58 --> Undefined index: biaya
in APPPATH\Views\qurban\v_kelompok_qurban.php on line 68.
 1 APPPATH\Views\qurban\v_kelompok_qurban.php(68): CodeIgniter\Debug\Exceptions->errorHandler(8, 'Undefined index: biaya', 'APPPATH\\Views\\qurban\\v_kelompok_qurban.php', 68, [...])
 2 SYSTEMPATH\View\View.php(213): include('APPPATH\\Views\\qurban\\v_kelompok_qurban.php')
 3 SYSTEMPATH\View\View.php(216): CodeIgniter\View\View->CodeIgniter\View\{closure}()
 4 SYSTEMPATH\Common.php(1137): CodeIgniter\View\View->render('qurban/v_kelompok_qurban', [], true)
 5 APPPATH\Views\v_template_admin.php(289): view('qurban/v_kelompok_qurban')
 6 SYSTEMPATH\View\View.php(213): include('APPPATH\\Views\\v_template_admin.php')
 7 SYSTEMPATH\View\View.php(216): CodeIgniter\View\View->CodeIgniter\View\{closure}()
 8 SYSTEMPATH\Common.php(1137): CodeIgniter\View\View->render('v_template_admin', [], true)
 9 APPPATH\Controllers\PesertaQurban.php(42): view('v_template_admin', [...])
10 SYSTEMPATH\CodeIgniter.php(904): App\Controllers\PesertaQurban->KelompokQurban('1')
11 SYSTEMPATH\CodeIgniter.php(457): CodeIgniter\CodeIgniter->runController(Object(App\Controllers\PesertaQurban))
12 SYSTEMPATH\CodeIgniter.php(340): CodeIgniter\CodeIgniter->handleRequest(null, Object(Config\Cache), false)
13 FCPATH\index.php(67): CodeIgniter\CodeIgniter->run()
CRITICAL - 2022-08-25 22:55:33 --> number_format() expects parameter 1 to be float, array given
in APPPATH\Views\qurban\v_kelompok_qurban.php on line 68.
 1 [internal function]: CodeIgniter\Debug\Exceptions->errorHandler(2, 'number_format() expects parameter 1 to be float, array given', 'APPPATH\\Views\\qurban\\v_kelompok_qurban.php', 68, [...])
 2 APPPATH\Views\qurban\v_kelompok_qurban.php(68): number_format([...])
 3 SYSTEMPATH\View\View.php(213): include('APPPATH\\Views\\qurban\\v_kelompok_qurban.php')
 4 SYSTEMPATH\View\View.php(216): CodeIgniter\View\View->CodeIgniter\View\{closure}()
 5 SYSTEMPATH\Common.php(1137): CodeIgniter\View\View->render('qurban/v_kelompok_qurban', [], true)
 6 APPPATH\Views\v_template_admin.php(289): view('qurban/v_kelompok_qurban')
 7 SYSTEMPATH\View\View.php(213): include('APPPATH\\Views\\v_template_admin.php')
 8 SYSTEMPATH\View\View.php(216): CodeIgniter\View\View->CodeIgniter\View\{closure}()
 9 SYSTEMPATH\Common.php(1137): CodeIgniter\View\View->render('v_template_admin', [], true)
10 APPPATH\Controllers\PesertaQurban.php(42): view('v_template_admin', [...])
11 SYSTEMPATH\CodeIgniter.php(904): App\Controllers\PesertaQurban->KelompokQurban('1')
12 SYSTEMPATH\CodeIgniter.php(457): CodeIgniter\CodeIgniter->runController(Object(App\Controllers\PesertaQurban))
13 SYSTEMPATH\CodeIgniter.php(340): CodeIgniter\CodeIgniter->handleRequest(null, Object(Config\Cache), false)
14 FCPATH\index.php(67): CodeIgniter\CodeIgniter->run()
CRITICAL - 2022-08-25 22:55:57 --> Undefined variable: biaya
in APPPATH\Views\qurban\v_kelompok_qurban.php on line 50.
 1 APPPATH\Views\qurban\v_kelompok_qurban.php(50): CodeIgniter\Debug\Exceptions->errorHandler(8, 'Undefined variable: biaya', 'APPPATH\\Views\\qurban\\v_kelompok_qurban.php', 50, [...])
 2 SYSTEMPATH\View\View.php(213): include('APPPATH\\Views\\qurban\\v_kelompok_qurban.php')
 3 SYSTEMPATH\View\View.php(216): CodeIgniter\View\View->CodeIgniter\View\{closure}()
 4 SYSTEMPATH\Common.php(1137): CodeIgniter\View\View->render('qurban/v_kelompok_qurban', [], true)
 5 APPPATH\Views\v_template_admin.php(289): view('qurban/v_kelompok_qurban')
 6 SYSTEMPATH\View\View.php(213): include('APPPATH\\Views\\v_template_admin.php')
 7 SYSTEMPATH\View\View.php(216): CodeIgniter\View\View->CodeIgniter\View\{closure}()
 8 SYSTEMPATH\Common.php(1137): CodeIgniter\View\View->render('v_template_admin', [], true)
 9 APPPATH\Controllers\PesertaQurban.php(42): view('v_template_admin', [...])
10 SYSTEMPATH\CodeIgniter.php(904): App\Controllers\PesertaQurban->KelompokQurban('1')
11 SYSTEMPATH\CodeIgniter.php(457): CodeIgniter\CodeIgniter->runController(Object(App\Controllers\PesertaQurban))
12 SYSTEMPATH\CodeIgniter.php(340): CodeIgniter\CodeIgniter->handleRequest(null, Object(Config\Cache), false)
13 FCPATH\index.php(67): CodeIgniter\CodeIgniter->run()
CRITICAL - 2022-08-25 22:56:12 --> Undefined variable: biaya
in APPPATH\Views\qurban\v_kelompok_qurban.php on line 50.
 1 APPPATH\Views\qurban\v_kelompok_qurban.php(50): CodeIgniter\Debug\Exceptions->errorHandler(8, 'Undefined variable: biaya', 'APPPATH\\Views\\qurban\\v_kelompok_qurban.php', 50, [...])
 2 SYSTEMPATH\View\View.php(213): include('APPPATH\\Views\\qurban\\v_kelompok_qurban.php')
 3 SYSTEMPATH\View\View.php(216): CodeIgniter\View\View->CodeIgniter\View\{closure}()
 4 SYSTEMPATH\Common.php(1137): CodeIgniter\View\View->render('qurban/v_kelompok_qurban', [], true)
 5 APPPATH\Views\v_template_admin.php(289): view('qurban/v_kelompok_qurban')
 6 SYSTEMPATH\View\View.php(213): include('APPPATH\\Views\\v_template_admin.php')
 7 SYSTEMPATH\View\View.php(216): CodeIgniter\View\View->CodeIgniter\View\{closure}()
 8 SYSTEMPATH\Common.php(1137): CodeIgniter\View\View->render('v_template_admin', [], true)
 9 APPPATH\Controllers\PesertaQurban.php(42): view('v_template_admin', [...])
10 SYSTEMPATH\CodeIgniter.php(904): App\Controllers\PesertaQurban->KelompokQurban('1')
11 SYSTEMPATH\CodeIgniter.php(457): CodeIgniter\CodeIgniter->runController(Object(App\Controllers\PesertaQurban))
12 SYSTEMPATH\CodeIgniter.php(340): CodeIgniter\CodeIgniter->handleRequest(null, Object(Config\Cache), false)
13 FCPATH\index.php(67): CodeIgniter\CodeIgniter->run()
CRITICAL - 2022-08-25 22:56:31 --> number_format() expects parameter 1 to be float, array given
in APPPATH\Views\qurban\v_kelompok_qurban.php on line 70.
 1 [internal function]: CodeIgniter\Debug\Exceptions->errorHandler(2, 'number_format() expects parameter 1 to be float, array given', 'APPPATH\\Views\\qurban\\v_kelompok_qurban.php', 70, [...])
 2 APPPATH\Views\qurban\v_kelompok_qurban.php(70): number_format([...])
 3 SYSTEMPATH\View\View.php(213): include('APPPATH\\Views\\qurban\\v_kelompok_qurban.php')
 4 SYSTEMPATH\View\View.php(216): CodeIgniter\View\View->CodeIgniter\View\{closure}()
 5 SYSTEMPATH\Common.php(1137): CodeIgniter\View\View->render('qurban/v_kelompok_qurban', [], true)
 6 APPPATH\Views\v_template_admin.php(289): view('qurban/v_kelompok_qurban')
 7 SYSTEMPATH\View\View.php(213): include('APPPATH\\Views\\v_template_admin.php')
 8 SYSTEMPATH\View\View.php(216): CodeIgniter\View\View->CodeIgniter\View\{closure}()
 9 SYSTEMPATH\Common.php(1137): CodeIgniter\View\View->render('v_template_admin', [], true)
10 APPPATH\Controllers\PesertaQurban.php(42): view('v_template_admin', [...])
11 SYSTEMPATH\CodeIgniter.php(904): App\Controllers\PesertaQurban->KelompokQurban('1')
12 SYSTEMPATH\CodeIgniter.php(457): CodeIgniter\CodeIgniter->runController(Object(App\Controllers\PesertaQurban))
13 SYSTEMPATH\CodeIgniter.php(340): CodeIgniter\CodeIgniter->handleRequest(null, Object(Config\Cache), false)
14 FCPATH\index.php(67): CodeIgniter\CodeIgniter->run()
