CRITICAL - 2022-08-23 22:06:51 --> Undefined variable: submenu
in APPPATH\Views\v_template_admin.php on line 149.
 1 APPPATH\Views\v_template_admin.php(149): CodeIgniter\Debug\Exceptions->errorHandler(8, 'Undefined variable: submenu', 'APPPATH\\Views\\v_template_admin.php', 149, [...])
 2 SYSTEMPATH\View\View.php(213): include('APPPATH\\Views\\v_template_admin.php')
 3 SYSTEMPATH\View\View.php(216): CodeIgniter\View\View->CodeIgniter\View\{closure}()
 4 SYSTEMPATH\Common.php(1137): CodeIgniter\View\View->render('v_template_admin', [], true)
 5 APPPATH\Controllers\Agenda.php(26): view('v_template_admin', [...])
 6 SYSTEMPATH\CodeIgniter.php(904): App\Controllers\Agenda->index()
 7 SYSTEMPATH\CodeIgniter.php(457): CodeIgniter\CodeIgniter->runController(Object(App\Controllers\Agenda))
 8 SYSTEMPATH\CodeIgniter.php(340): CodeIgniter\CodeIgniter->handleRequest(null, Object(Config\Cache), false)
 9 FCPATH\index.php(67): CodeIgniter\CodeIgniter->run()
CRITICAL - 2022-08-23 22:16:43 --> Call to undefined function format_number()
in APPPATH\Views\v_rekap_kas_masjid.php on line 26.
 1 SYSTEMPATH\View\View.php(213): include()
 2 SYSTEMPATH\View\View.php(216): CodeIgniter\View\View->CodeIgniter\View\{closure}()
 3 SYSTEMPATH\Common.php(1137): CodeIgniter\View\View->render('v_rekap_kas_masjid', [], true)
 4 APPPATH\Views\v_template_admin.php(250): view('v_rekap_kas_masjid')
 5 SYSTEMPATH\View\View.php(213): include('APPPATH\\Views\\v_template_admin.php')
 6 SYSTEMPATH\View\View.php(216): CodeIgniter\View\View->CodeIgniter\View\{closure}()
 7 SYSTEMPATH\Common.php(1137): CodeIgniter\View\View->render('v_template_admin', [], true)
 8 APPPATH\Controllers\KasMasjid.php(26): view('v_template_admin', [...])
 9 SYSTEMPATH\CodeIgniter.php(904): App\Controllers\KasMasjid->index()
10 SYSTEMPATH\CodeIgniter.php(457): CodeIgniter\CodeIgniter->runController(Object(App\Controllers\KasMasjid))
11 SYSTEMPATH\CodeIgniter.php(340): CodeIgniter\CodeIgniter->handleRequest(null, Object(Config\Cache), false)
12 FCPATH\index.php(67): CodeIgniter\CodeIgniter->run()
CRITICAL - 2022-08-23 22:16:57 --> number_format() expects parameter 1 to be float, string given
in APPPATH\Views\v_rekap_kas_masjid.php on line 26.
 1 [internal function]: CodeIgniter\Debug\Exceptions->errorHandler(2, 'number_format() expects parameter 1 to be float, string given', 'APPPATH\\Views\\v_rekap_kas_masjid.php', 26, [...])
 2 APPPATH\Views\v_rekap_kas_masjid.php(26): number_format('Saldo Awal', 0)
 3 SYSTEMPATH\View\View.php(213): include('APPPATH\\Views\\v_rekap_kas_masjid.php')
 4 SYSTEMPATH\View\View.php(216): CodeIgniter\View\View->CodeIgniter\View\{closure}()
 5 SYSTEMPATH\Common.php(1137): CodeIgniter\View\View->render('v_rekap_kas_masjid', [], true)
 6 APPPATH\Views\v_template_admin.php(250): view('v_rekap_kas_masjid')
 7 SYSTEMPATH\View\View.php(213): include('APPPATH\\Views\\v_template_admin.php')
 8 SYSTEMPATH\View\View.php(216): CodeIgniter\View\View->CodeIgniter\View\{closure}()
 9 SYSTEMPATH\Common.php(1137): CodeIgniter\View\View->render('v_template_admin', [], true)
10 APPPATH\Controllers\KasMasjid.php(26): view('v_template_admin', [...])
11 SYSTEMPATH\CodeIgniter.php(904): App\Controllers\KasMasjid->index()
12 SYSTEMPATH\CodeIgniter.php(457): CodeIgniter\CodeIgniter->runController(Object(App\Controllers\KasMasjid))
13 SYSTEMPATH\CodeIgniter.php(340): CodeIgniter\CodeIgniter->handleRequest(null, Object(Config\Cache), false)
14 FCPATH\index.php(67): CodeIgniter\CodeIgniter->run()
